<?xml version="1.0" encoding="UTF-8"?>
<testsuite xmlns:xsi="http://www.w3.org/2001/XMLSchema-instance" xsi:noNamespaceSchemaLocation="https://maven.apache.org/surefire/maven-surefire-plugin/xsd/surefire-test-report-3.0.xsd" version="3.0" name="Runners.RunnerClass" time="15.767" tests="1" errors="0" skipped="0" failures="0">
  <properties>
[...]
</properties>
  <testcase name="Sign-up the account" classname="Sign-up feature" time="15.268">
    <system-out><![CDATA[
Scenario: Sign-up the account             # src/test/resources/Feature/SignUp.feature:5
  Given The User clicks Login.            # Steps.SignUpStep.the_user_clicks_login()
  And The User clicks Create an account.  # Steps.SignUpStep.the_user_clicks_create_an_account()
  And The User filled up the information. # Steps.SignUpStep.the_user_filled_up_the_information()
  And Click Create Account.               # Steps.SignUpStep.click_create_account()
  Then the account has been signed.       # Steps.SignUpStep.the_account_has_been_signed()

    Embedding Sign-up the account [image/png 102452 bytes]

]]></system-out>
    <system-err><![CDATA[SLF4J: No SLF4J providers were found.
SLF4J: Defaulting to no-operation (NOP) logger implementation
SLF4J: See https://www.slf4j.org/codes.html#noProviders for further details.
Starting ChromeDriver 119.0.6045.105 (38c72552c5e15ba9b3117c0967a0fd105072d7c6-refs/branch-heads/6045@{#1103}) on port 7589
Only local connections are allowed.
Please see https://chromedriver.chromium.org/security-considerations for suggestions on keeping ChromeDriver safe.
ChromeDriver was started successfully.
Dec 08, 2023 5:09:21 PM org.openqa.selenium.remote.ProtocolHandshake createSession
INFO: Detected dialect: W3C
]]></system-err>
  </testcase>
</testsuite>